This is pdfTeX, Version 3.14159265-2.6-1.40.16 (TeX Live 2015/Debian) (preloaded format=pdflatex 2017.9.12)  10 DEC 2017 23:34
entering extended mode
 restricted \write18 enabled.
 %&-line parsing enabled.
**prvb.tex
(./prvb.tex
LaTeX2e <2016/02/01>
Babel <3.9q> and hyphenation patterns for 81 language(s) loaded.
(/usr/share/texlive/texmf-dist/tex/latex/base/article.cls
Document Class: article 2014/09/29 v1.4h Standard LaTeX document class
(/usr/share/texlive/texmf-dist/tex/latex/base/size12.clo
File: size12.clo 2014/09/29 v1.4h Standard LaTeX file (size option)
)
\c@part=\count79
\c@section=\count80
\c@subsection=\count81
\c@subsubsection=\count82
\c@paragraph=\count83
\c@subparagraph=\count84
\c@figure=\count85
\c@table=\count86
\abovecaptionskip=\skip41
\belowcaptionskip=\skip42
\bibindent=\dimen102
)
(/usr/share/texlive/texmf-dist/tex/latex/a4wide/a4wide.sty
Package: a4wide 1994/08/30

(/usr/share/texlive/texmf-dist/tex/latex/ntgclass/a4.sty
Package: a4 2004/04/15 v1.2g A4 based page layout
))
(/usr/share/texlive/texmf-dist/tex/latex/base/latexsym.sty
Package: latexsym 1998/08/17 v2.2e Standard LaTeX package (lasy symbols)
\symlasy=\mathgroup4
LaTeX Font Info:    Overwriting symbol font `lasy' in version `bold'
(Font)                  U/lasy/m/n --> U/lasy/b/n on input line 52.
)
(/usr/share/texlive/texmf-dist/tex/latex/amsfonts/amssymb.sty
Package: amssymb 2013/01/14 v3.01 AMS font symbols

(/usr/share/texlive/texmf-dist/tex/latex/amsfonts/amsfonts.sty
Package: amsfonts 2013/01/14 v3.01 Basic AMSFonts support
\@emptytoks=\toks14
\symAMSa=\mathgroup5
\symAMSb=\mathgroup6
LaTeX Font Info:    Overwriting math alphabet `\mathfrak' in version `bold'
(Font)                  U/euf/m/n --> U/euf/b/n on input line 106.
))
(/usr/share/texlive/texmf-dist/tex/latex/eepic/epic.sty
Enhancements to Picture Environment. Version 1.2 - Released June 1, 1986
\@@multicnt=\count87
\d@lta=\count88
\@delta=\dimen103
\@@delta=\dimen104
\@gridcnt=\count89
\@joinkind=\count90
\@dotgap=\dimen105
\@ddotgap=\dimen106
\@x@diff=\count91
\@y@diff=\count92
\x@diff=\dimen107
\y@diff=\dimen108
\@dotbox=\box26
\num@segments=\count93
\num@segmentsi=\count94
\@datafile=\read1
) (/usr/share/texlive/texmf-dist/tex/latex/graphics/graphicx.sty
Package: graphicx 2014/10/28 v1.0g Enhanced LaTeX Graphics (DPC,SPQR)

(/usr/share/texlive/texmf-dist/tex/latex/graphics/keyval.sty
Package: keyval 2014/10/28 v1.15 key=value parser (DPC)
\KV@toks@=\toks15
)
(/usr/share/texlive/texmf-dist/tex/latex/graphics/graphics.sty
Package: graphics 2016/01/03 v1.0q Standard LaTeX Graphics (DPC,SPQR)

(/usr/share/texlive/texmf-dist/tex/latex/graphics/trig.sty
Package: trig 2016/01/03 v1.10 sin cos tan (DPC)
)
(/usr/share/texlive/texmf-dist/tex/latex/latexconfig/graphics.cfg
File: graphics.cfg 2010/04/23 v1.9 graphics configuration of TeX Live
)
Package graphics Info: Driver file: pdftex.def on input line 95.

(/usr/share/texlive/texmf-dist/tex/latex/pdftex-def/pdftex.def
File: pdftex.def 2011/05/27 v0.06d Graphics/color for pdfTeX

(/usr/share/texlive/texmf-dist/tex/generic/oberdiek/infwarerr.sty
Package: infwarerr 2010/04/08 v1.3 Providing info/warning/error messages (HO)
)
(/usr/share/texlive/texmf-dist/tex/generic/oberdiek/ltxcmds.sty
Package: ltxcmds 2011/11/09 v1.22 LaTeX kernel commands for general use (HO)
)
\Gread@gobject=\count95
))
\Gin@req@height=\dimen109
\Gin@req@width=\dimen110
)
(/usr/share/texlive/texmf-dist/tex/latex/amsmath/amsmath.sty
Package: amsmath 2016/03/03 v2.15a AMS math features
\@mathmargin=\skip43

For additional information on amsmath, use the `?' option.
(/usr/share/texlive/texmf-dist/tex/latex/amsmath/amstext.sty
Package: amstext 2000/06/29 v2.01 AMS text

(/usr/share/texlive/texmf-dist/tex/latex/amsmath/amsgen.sty
File: amsgen.sty 1999/11/30 v2.0 generic functions
\@emptytoks=\toks16
\ex@=\dimen111
))
(/usr/share/texlive/texmf-dist/tex/latex/amsmath/amsbsy.sty
Package: amsbsy 1999/11/29 v1.2d Bold Symbols
\pmbraise@=\dimen112
)
(/usr/share/texlive/texmf-dist/tex/latex/amsmath/amsopn.sty
Package: amsopn 1999/12/14 v2.01 operator names
)
\inf@bad=\count96
LaTeX Info: Redefining \frac on input line 199.
\uproot@=\count97
\leftroot@=\count98
LaTeX Info: Redefining \overline on input line 297.
\classnum@=\count99
\DOTSCASE@=\count100
LaTeX Info: Redefining \ldots on input line 394.
LaTeX Info: Redefining \dots on input line 397.
LaTeX Info: Redefining \cdots on input line 518.
\Mathstrutbox@=\box27
\strutbox@=\box28
\big@size=\dimen113
LaTeX Font Info:    Redeclaring font encoding OML on input line 630.
LaTeX Font Info:    Redeclaring font encoding OMS on input line 631.
\macc@depth=\count101
\c@MaxMatrixCols=\count102
\dotsspace@=\muskip10
\c@parentequation=\count103
\dspbrk@lvl=\count104
\tag@help=\toks17
\row@=\count105
\column@=\count106
\maxfields@=\count107
\andhelp@=\toks18
\eqnshift@=\dimen114
\alignsep@=\dimen115
\tagshift@=\dimen116
\tagwidth@=\dimen117
\totwidth@=\dimen118
\lineht@=\dimen119
\@envbody=\toks19
\multlinegap=\skip44
\multlinetaggap=\skip45
\mathdisplay@stack=\toks20
LaTeX Info: Redefining \[ on input line 2735.
LaTeX Info: Redefining \] on input line 2736.
) (./prvb.aux)
\openout1 = `prvb.aux'.

LaTeX Font Info:    Checking defaults for OML/cmm/m/it on input line 14.
LaTeX Font Info:    ... okay on input line 14.
LaTeX Font Info:    Checking defaults for T1/cmr/m/n on input line 14.
LaTeX Font Info:    ... okay on input line 14.
LaTeX Font Info:    Checking defaults for OT1/cmr/m/n on input line 14.
LaTeX Font Info:    ... okay on input line 14.
LaTeX Font Info:    Checking defaults for OMS/cmsy/m/n on input line 14.
LaTeX Font Info:    ... okay on input line 14.
LaTeX Font Info:    Checking defaults for OMX/cmex/m/n on input line 14.
LaTeX Font Info:    ... okay on input line 14.
LaTeX Font Info:    Checking defaults for U/cmr/m/n on input line 14.
LaTeX Font Info:    ... okay on input line 14.

(/usr/share/texlive/texmf-dist/tex/context/base/supp-pdf.mkii
[Loading MPS to PDF converter (version 2006.09.02).]
\scratchcounter=\count108
\scratchdimen=\dimen120
\scratchbox=\box29
\nofMPsegments=\count109
\nofMParguments=\count110
\everyMPshowfont=\toks21
\MPscratchCnt=\count111
\MPscratchDim=\dimen121
\MPnumerator=\count112
\makeMPintoPDFobject=\count113
\everyMPtoPDFconversion=\toks22
) (/usr/share/texlive/texmf-dist/tex/generic/oberdiek/pdftexcmds.sty
Package: pdftexcmds 2011/11/29 v0.20 Utility functions of pdfTeX for LuaTeX (HO
)

(/usr/share/texlive/texmf-dist/tex/generic/oberdiek/ifluatex.sty
Package: ifluatex 2010/03/01 v1.3 Provides the ifluatex switch (HO)
Package ifluatex Info: LuaTeX not detected.
)
(/usr/share/texlive/texmf-dist/tex/generic/oberdiek/ifpdf.sty
Package: ifpdf 2011/01/30 v2.3 Provides the ifpdf switch (HO)
Package ifpdf Info: pdfTeX in PDF mode is detected.
)
Package pdftexcmds Info: LuaTeX not detected.
Package pdftexcmds Info: \pdf@primitive is available.
Package pdftexcmds Info: \pdf@ifprimitive is available.
Package pdftexcmds Info: \pdfdraftmode found.
)
(/usr/share/texlive/texmf-dist/tex/latex/oberdiek/epstopdf-base.sty
Package: epstopdf-base 2010/02/09 v2.5 Base part for package epstopdf

(/usr/share/texlive/texmf-dist/tex/latex/oberdiek/grfext.sty
Package: grfext 2010/08/19 v1.1 Manage graphics extensions (HO)

(/usr/share/texlive/texmf-dist/tex/generic/oberdiek/kvdefinekeys.sty
Package: kvdefinekeys 2011/04/07 v1.3 Define keys (HO)
))
(/usr/share/texlive/texmf-dist/tex/latex/oberdiek/kvoptions.sty
Package: kvoptions 2011/06/30 v3.11 Key value format for package options (HO)

(/usr/share/texlive/texmf-dist/tex/generic/oberdiek/kvsetkeys.sty
Package: kvsetkeys 2012/04/25 v1.16 Key value parser (HO)

(/usr/share/texlive/texmf-dist/tex/generic/oberdiek/etexcmds.sty
Package: etexcmds 2011/02/16 v1.5 Avoid name clashes with e-TeX commands (HO)
Package etexcmds Info: Could not find \expanded.
(etexcmds)             That can mean that you are not using pdfTeX 1.50 or
(etexcmds)             that some package has redefined \expanded.
(etexcmds)             In the latter case, load this package earlier.
)))
Package grfext Info: Graphics extension search list:
(grfext)             [.png,.pdf,.jpg,.mps,.jpeg,.jbig2,.jb2,.PNG,.PDF,.JPG,.JPE
G,.JBIG2,.JB2,.eps]
(grfext)             \AppendGraphicsExtensions on input line 452.

(/usr/share/texlive/texmf-dist/tex/latex/latexconfig/epstopdf-sys.cfg
File: epstopdf-sys.cfg 2010/07/13 v1.3 Configuration of (r)epstopdf for TeX Liv
e
))
LaTeX Font Info:    Try loading font information for U+lasy on input line 40.

(/usr/share/texlive/texmf-dist/tex/latex/base/ulasy.fd
File: ulasy.fd 1998/08/17 v2.2e LaTeX symbol font definitions
)
LaTeX Font Info:    Try loading font information for U+msa on input line 40.

(/usr/share/texlive/texmf-dist/tex/latex/amsfonts/umsa.fd
File: umsa.fd 2013/01/14 v3.01 AMS symbols A
)
LaTeX Font Info:    Try loading font information for U+msb on input line 40.

(/usr/share/texlive/texmf-dist/tex/latex/amsfonts/umsb.fd
File: umsb.fd 2013/01/14 v3.01 AMS symbols B
) [1

{/var/lib/texmf/fonts/map/pdftex/updmap/pdftex.map}] [2] [3] [4]
Overfull \hbox (13.6496pt too wide) in paragraph at lines 364--365
[]\OT1/cmtt/m/n/10 ;prittles and crottles are an explosive combination: they ar
e not allowed to be put in
 []

[5] [6] [7]
Overfull \hbox (75.81015pt too wide) detected at line 537
[] []
 []

[8]
Overfull \hbox (68.2276pt too wide) detected at line 564
[] []
 []


Overfull \hbox (6.77599pt too wide) detected at line 569
[]
 []

[9] [10]
Overfull \hbox (3.14969pt too wide) in paragraph at lines 675--676
[]\OT1/cmtt/m/n/10 (or (and (<= x10 20) (<= y10 10) (= z10 0)) (and (<= x10 10)
 (<= y10 20) (= z10 1)))  
 []


Overfull \hbox (3.14969pt too wide) in paragraph at lines 677--678
[]\OT1/cmtt/m/n/10 (or (and (<= x11 26) (<= y11 27) (= z11 0)) (and (<= x11 27)
 (<= y11 26) (= z11 1)))  
 []


Overfull \hbox (3.14969pt too wide) in paragraph at lines 679--680
[]\OT1/cmtt/m/n/10 (or (and (<= x12 26) (<= y12 27) (= z12 0)) (and (<= x12 27)
 (<= y12 26) (= z12 1)))  
 []


Overfull \hbox (13.6496pt too wide) in paragraph at lines 683--684
[]\OT1/cmtt/m/n/10 ;(and (or (<= (+ x1 4) x2) (<= (+ x2 4) x1) (<= (+ y1 5) y2)
 (<= (+ y2 6) y1)) (= z1 0)
 []


Overfull \hbox (13.6496pt too wide) in paragraph at lines 685--686
[]\OT1/cmtt/m/n/10 ;(and (or (<= (+ x1 4) x2) (<= (+ x2 6) x1) (<= (+ y1 5) y2)
 (<= (+ y2 4) y1)) (= z1 0)
 []


Overfull \hbox (13.6496pt too wide) in paragraph at lines 687--688
[]\OT1/cmtt/m/n/10 ;(and (or (<= (+ x1 5) x2) (<= (+ x2 4) x1) (<= (+ y1 4) y2)
 (<= (+ y2 6) y1)) (= z1 1)
 []


Overfull \hbox (13.6496pt too wide) in paragraph at lines 689--690
[]\OT1/cmtt/m/n/10 ;(and (or (<= (+ x1 4) x2) (<= (+ x2 6) x1) (<= (+ y1 5) y2)
 (<= (+ y2 4) y1)) (= z1 1)
 []


Overfull \hbox (13.6496pt too wide) in paragraph at lines 693--694
[]\OT1/cmtt/m/n/10 (or (and (or (<= (+ x1 4) x2) (<= (+ x2 4) x1) (<= (+ y1 5) 
y2) (<= (+ y2 6) y1)) (= z1
 []


Overfull \hbox (11.77464pt too wide) in paragraph at lines 693--694
\OT1/cmtt/m/n/10 0) (= z2 0)) (and (or (<= (+ x1 4) x2) (<= (+ x2 6) x1) (<= (+
 y1 5) y2) (<= (+ y2 4) y1))
 []


Overfull \hbox (1.27473pt too wide) in paragraph at lines 693--694
\OT1/cmtt/m/n/10 (= z1 0) (= z2 1)) (and (or (<= (+ x1 5) x2) (<= (+ x2 4) x1) 
(<= (+ y1 4) y2) (<= (+ y2
 []


Overfull \hbox (11.77464pt too wide) in paragraph at lines 693--694
\OT1/cmtt/m/n/10 6) y1)) (= z1 1) (= z2 0)) (and (or (<= (+ x1 5) x2) (<= (+ x2
 6) x1) (<= (+ y1 4) y2) (<=
 []


Overfull \hbox (24.1495pt too wide) in paragraph at lines 697--698
[]\OT1/cmtt/m/n/10 (or (and (or (<= (+ x11 4) x12) (<= (+ x12 4) x11) (<= (+ y1
1 3) y12) (<= (+ y12 3) y11))
 []


Overfull \hbox (11.77464pt too wide) in paragraph at lines 697--698
\OT1/cmtt/m/n/10 (= z11 0) (= z12 0)) (and (or (<= (+ x11 4) x12) (<= (+ x12 3)
 x11) (<= (+ y11 3) y12) (<=
 []


Overfull \hbox (11.77464pt too wide) in paragraph at lines 697--698
\OT1/cmtt/m/n/10 (+ y12 4) y11)) (= z11 0) (= z12 1)) (and (or (<= (+ x11 3) x1
2) (<= (+ x12 4) x11) (<= (+
 []


Overfull \hbox (17.0246pt too wide) in paragraph at lines 697--698
\OT1/cmtt/m/n/10 y11 4) y12) (<= (+ y12 3) y11)) (= z11 1) (= z12 0)) (and (or 
(<= (+ x11 3) x12) (<= (+ x12
 []


Overfull \hbox (24.1495pt too wide) in paragraph at lines 725--726
[]\OT1/cmtt/m/n/10 (and (or (>= (- x11 x12) 18) (>= (- x12 x11) 18) (>= (- y11 
y12) 18) (>= (- y12 y11) 18))
 []


Overfull \hbox (18.89955pt too wide) in paragraph at lines 727--728
[]\OT1/cmtt/m/n/10 (and (or (>= (- (+ x11 0.5) x12) 18) (>= (- (+ x12 0.5) x11)
 18) (>= (- (- y11 0.5) y12)
 []


Overfull \hbox (18.89955pt too wide) in paragraph at lines 729--730
[]\OT1/cmtt/m/n/10 (and (or (>= (- (- x11 0.5) x12) 18) (>= (- (- x12 0.5) x11)
 18) (>= (- (+ y11 0.5) y12)
 []


Overfull \hbox (24.1495pt too wide) in paragraph at lines 731--732
[]\OT1/cmtt/m/n/10 (and (or (>= (- x11 x12) 18) (>= (- x12 x11) 18) (>= (- y11 
y12) 18) (>= (- y12 y11) 18))
 []

[11] [12] [13] [14]
Overfull \hbox (3.14969pt too wide) in paragraph at lines 1029--1030
[]\OT1/cmtt/m/n/10 ( (t1 Real) (t2 Real) (t3 Real) (t4 Real) (t5 Real) (t6 Real
) (t7 Real) (t8 Real) (t9
 []

[15] [16] (./prvb.aux) ) 
Here is how much of TeX's memory you used:
 2539 strings out of 493029
 33480 string characters out of 6136234
 105017 words of memory out of 5000000
 6025 multiletter control sequences out of 15000+600000
 13828 words of font info for 59 fonts, out of 8000000 for 9000
 1141 hyphenation exceptions out of 8191
 38i,7n,26p,1033b,167s stack positions out of 5000i,500n,10000p,200000b,80000s
</usr/share/texlive/texmf-dist/fonts/type1/public/amsfo
nts/cm/cmbx12.pfb></usr/share/texlive/texmf-dist/fonts/type1/public/amsfonts/cm
/cmex10.pfb></usr/share/texlive/texmf-dist/fonts/type1/public/amsfonts/cm/cmmi1
2.pfb></usr/share/texlive/texmf-dist/fonts/type1/public/amsfonts/cm/cmmi6.pfb><
/usr/share/texlive/texmf-dist/fonts/type1/public/amsfonts/cm/cmmi8.pfb></usr/sh
are/texlive/texmf-dist/fonts/type1/public/amsfonts/cm/cmr10.pfb></usr/share/tex
live/texmf-dist/fonts/type1/public/amsfonts/cm/cmr12.pfb></usr/share/texlive/te
xmf-dist/fonts/type1/public/amsfonts/cm/cmr6.pfb></usr/share/texlive/texmf-dist
/fonts/type1/public/amsfonts/cm/cmr8.pfb></usr/share/texlive/texmf-dist/fonts/t
ype1/public/amsfonts/cm/cmsy10.pfb></usr/share/texlive/texmf-dist/fonts/type1/p
ublic/amsfonts/cm/cmsy8.pfb></usr/share/texlive/texmf-dist/fonts/type1/public/a
msfonts/cm/cmtt10.pfb></usr/share/texlive/texmf-dist/fonts/type1/public/amsfont
s/cm/cmtt12.pfb></usr/share/texlive/texmf-dist/fonts/type1/public/amsfonts/symb
ols/msam10.pfb>
Output written on prvb.pdf (16 pages, 175532 bytes).
PDF statistics:
 112 PDF objects out of 1000 (max. 8388607)
 79 compressed objects within 1 object stream
 0 named destinations out of 1000 (max. 500000)
 1 words of extra memory for PDF output out of 10000 (max. 10000000)

